#
# A fatal error has been detected by the Java Runtime Environment:
#
#  SIGSEGV (0xb) at pc=0x00007f4ff8798401, pid=32879, tid=32897
#
# JRE version: OpenJDK Runtime Environment (11.0.7+10) (build 11.0.7+10-post-Ubuntu-2ubuntu218.04)
# Java VM: OpenJDK 64-Bit Server VM (11.0.7+10-post-Ubuntu-2ubuntu218.04, mixed mode, sharing, tiered, compressed oops, g1 gc, linux-amd64)
# Problematic frame:
# C  [libjimage.so+0x2401]
#
# Core dump will be written. Default location: Core dumps may be processed with "/usr/share/apport/apport %p %s %c %d %P %E" (or dumping to /home/student/eclipse-workspace/Assignment/core.32879)
#
# If you would like to submit a bug report, please visit:
#   https://bugs.launchpad.net/ubuntu/+source/openjdk-lts
#

---------------  S U M M A R Y ------------

Command Line: -agentlib:jdwp=transport=dt_socket,suspend=y,address=localhost:41907 -ea -javaagent:/home/student/.eclipse/360744286_linux_gtk_x86_64/configuration/org.eclipse.osgi/222/0/.cp/lib/javaagent-shaded.jar -Dfile.encoding=UTF-8 org.eclipse.jdt.internal.junit.runner.RemoteTestRunner -version 3 -port 33045 -testLoaderClass org.eclipse.jdt.internal.junit5.runner.JUnit5TestLoader -loaderpluginname org.eclipse.jdt.junit5.runtime -classNames TestRunners.RunDBBTests

Host: Intel(R) Core(TM) i7-4790 CPU @ 3.60GHz, 4 cores, 3G, Ubuntu 18.04.4 LTS
Time: Wed May 20 16:58:31 2020 CEST elapsed time: 75 seconds (0d 0h 1m 15s)

---------------  T H R E A D  ---------------

Current thread (0x00007f4ff4132800):  JavaThread "Signal Dispatcher" daemon [_thread_in_vm, id=32897, stack(0x00007f4fce626000,0x00007f4fce727000)]

Stack: [0x00007f4fce626000,0x00007f4fce727000],  sp=0x00007f4fce7241e0,  free space=1016k
Native frames: (J=compiled Java code, A=aot compiled Java code, j=interpreted, Vv=VM code, C=native code)
C  [libjimage.so+0x2401]
C  [libjimage.so+0x30ea]
C  [libjimage.so+0x35c6]  JIMAGE_FindResource+0xd6
V  [libjvm.so+0x59105e]
V  [libjvm.so+0x593dc0]
V  [libjvm.so+0xd503b5]
V  [libjvm.so+0xd4dd4a]
V  [libjvm.so+0xd50942]
V  [libjvm.so+0x64589d]
V  [libjvm.so+0x83ea5c]
j  jdk.internal.misc.Signal.dispatch(I)V+25 java.base@11.0.7
v  ~StubRoutines::call_stub
V  [libjvm.so+0x84e319]
V  [libjvm.so+0x84d105]
V  [libjvm.so+0xbc377c]
V  [libjvm.so+0xd8918f]
V  [libjvm.so+0xd85acf]
V  [libjvm.so+0xbd59de]

Java frames: (J=compiled Java code, j=interpreted, Vv=VM code)
j  jdk.internal.misc.Signal.dispatch(I)V+25 java.base@11.0.7
v  ~StubRoutines::call_stub

siginfo: si_signo: 11 (SIGSEGV), si_code: 1 (SEGV_MAPERR), si_addr: 0x00007f4feb91b498

Register to memory mapping:

RAX=0x000000000000391f is an unknown value
RBX=0x00007f4fce724291 is pointing into the stack for thread: 0x00007f4ff4132800
RCX=0x00007f4feb90d01c is an unknown value
RDX=0x000000000000391f is an unknown value
RSP=0x00007f4fce7241e0 is pointing into the stack for thread: 0x00007f4ff4132800
RBP=0x00007f4fce724200 is pointing into the stack for thread: 0x00007f4ff4132800
RSI=0x00007f4fce724290 is pointing into the stack for thread: 0x00007f4ff4132800
RDI=0x00007f4ff899b130: <offset 0x0000000000205130> in /usr/lib/jvm/java-11-openjdk-amd64/lib/libjimage.so at 0x00007f4ff8796000
R8 =0x0 is NULL
R9 =0x0000000076100fa4 is an unknown value
R10=0x00007f4fce7242b3 is pointing into the stack for thread: 0x00007f4ff4132800
R11=0x00007f4ffb6613fd: <offset 0x0000000000eb23fd> in /usr/lib/jvm/java-11-openjdk-amd64/lib/server/libjvm.so at 0x00007f4ffa7af000
R12=0x00007f4fce724290 is pointing into the stack for thread: 0x00007f4ff4132800
R13=0x00000000000083ac is an unknown value
R14=0x00007f4fce725328 is pointing into the stack for thread: 0x00007f4ff4132800
R15=0x00007f4ff4132dc0 points into unknown readable memory: 6a 64 6b 2f 69 6e 74 65


Registers:
RAX=0x000000000000391f, RBX=0x00007f4fce724291, RCX=0x00007f4feb90d01c, RDX=0x000000000000391f
RSP=0x00007f4fce7241e0, RBP=0x00007f4fce724200, RSI=0x00007f4fce724290, RDI=0x00007f4ff899b130
R8 =0x0000000000000000, R9 =0x0000000076100fa4, R10=0x00007f4fce7242b3, R11=0x00007f4ffb6613fd
R12=0x00007f4fce724290, R13=0x00000000000083ac, R14=0x00007f4fce725328, R15=0x00007f4ff4132dc0
RIP=0x00007f4ff8798401, EFLAGS=0x0000000000010246, CSGSFS=0x002b000000000033, ERR=0x0000000000000004
  TRAPNO=0x000000000000000e

Top of Stack: (sp=0x00007f4fce7241e0)
0x00007f4fce7241e0:   0000000000000000 00007f4ff4026a70
0x00007f4fce7241f0:   0000000000000000 00007f4fce724290
0x00007f4fce724200:   00007f4fce724270 00007f4ff87990ea
0x00007f4fce724210:   0000000000000000 0000000000000000 

Instructions: (pc=0x00007f4ff8798401)
0x00007f4ff8798301:   c5 4c 01 e3 48 89 ce e8 d3 f3 ff ff e9 69 fd ff
0x00007f4ff8798311:   ff 89 d1 0f b7 74 08 fe 66 41 89 74 0e fe e9 7a
0x00007f4ff8798321:   fe ff ff 0f 1f 40 00 8b 08 49 8d 1c 16 41 89 0e
0x00007f4ff8798331:   89 d1 8b 74 08 fc 41 89 74 0e fc 48 8d 34 10 48
0x00007f4ff8798341:   89 75 b8 e9 0b fe ff ff 0f 1f 80 00 00 00 00 0f
0x00007f4ff8798351:   b6 17 55 89 f0 48 89 e5 84 d2 74 22 48 8d 4f 01
0x00007f4ff8798361:   0f 1f 80 00 00 00 00 48 83 c1 01 0f b6 f2 0f b6
0x00007f4ff8798371:   51 ff 69 c0 93 01 00 01 31 f0 84 d2 75 e9 25 ff
0x00007f4ff8798381:   ff ff 7f 5d c3 66 2e 0f 1f 84 00 00 00 00 00 48
0x00007f4ff8798391:   85 d2 0f 84 dd 00 00 00 85 c9 0f 84 d5 00 00 00
0x00007f4ff87983a1:   55 48 89 e5 41 55 41 54 53 48 8d 5e 01 48 83 ec
0x00007f4ff87983b1:   08 44 0f b6 06 45 84 c0 0f 84 a9 00 00 00 49 89
0x00007f4ff87983c1:   da b8 93 01 00 01 66 0f 1f 84 00 00 00 00 00 49
0x00007f4ff87983d1:   83 c2 01 44 69 c8 93 01 00 01 41 0f b6 c0 45 0f
0x00007f4ff87983e1:   b6 42 ff 44 31 c8 45 84 c0 75 e4 25 ff ff ff 7f
0x00007f4ff87983f1:   41 89 cd 48 89 d1 31 d2 41 f7 f5 49 89 f4 89 d0
0x00007f4ff8798401:   8b 34 81 48 8b 07 ff 50 20 83 f8 00 7e 41 41 0f
0x00007f4ff8798411:   b6 14 24 84 d2 74 1c 0f 1f 84 00 00 00 00 00 69
0x00007f4ff8798421:   c0 93 01 00 01 48 83 c3 01 31 d0 0f b6 53 ff 84
0x00007f4ff8798431:   d2 75 ec 25 ff ff ff 7f 31 d2 41 f7 f5 48 83 c4
0x00007f4ff8798441:   08 89 d0 5b 41 5c 41 5d 5d c3 0f 1f 44 00 00 74
0x00007f4ff8798451:   1d f7 d0 48 83 c4 08 89 c2 5b 89 d0 41 5c 41 5d
0x00007f4ff8798461:   5d c3 0f 1f 44 00 00 b8 93 01 00 01 eb 82 ba ff
0x00007f4ff8798471:   ff ff ff eb c8 83 ca ff 89 d0 c3 0f 1f 40 00 0f
0x00007f4ff8798481:   b6 17 55 48 89 f8 48 89 e5 84 d2 75 15 eb 1a 38
0x00007f4ff8798491:   ca 75 1c 48 83 c0 01 0f b6 10 48 83 c6 01 84 d2
0x00007f4ff87984a1:   74 07 0f b6 0e 84 c9 75 e6 5d c3 0f 1f 40 00 31
0x00007f4ff87984b1:   c0 5d c3 66 90 66 2e 0f 1f 84 00 00 00 00 00 55
0x00007f4ff87984c1:   48 85 f6 48 89 e5 74 57 0f 1f 80 00 00 00 00 0f
0x00007f4ff87984d1:   b6 06 84 c0 74 49 0f b6 d0 83 e0 07 c1 fa 03 44
0x00007f4ff87984e1:   8d 50 01 0f b6 c0 41 89 d1 48 8d 56 01 4c 8d 44
0x00007f4ff87984f1:   06 02 31 c0 0f 1f 00 0f b6 0a 48 c1 e0 08 48 83 


Stack slot to memory mapping:
stack at sp + 0 slots: 0x0 is NULL
stack at sp + 1 slots: 0x00007f4ff4026a70 points into unknown readable memory: 00 b5 00 a0 4f 7f 00 00
stack at sp + 2 slots: 0x0 is NULL
stack at sp + 3 slots: 0x00007f4fce724290 is pointing into the stack for thread: 0x00007f4ff4132800
stack at sp + 4 slots: 0x00007f4fce724270 is pointing into the stack for thread: 0x00007f4ff4132800
stack at sp + 5 slots: 0x00007f4ff87990ea: <offset 0x00000000000030ea> in /usr/lib/jvm/java-11-openjdk-amd64/lib/libjimage.so at 0x00007f4ff8796000
stack at sp + 6 slots: 0x0 is NULL
stack at sp + 7 slots: 0x0 is NULL


---------------  P R O C E S S  ---------------

Threads class SMR info:
_java_thread_list=0x00007f4f98004140, length=27, elements={
0x00007f4ff4019800, 0x00007f4ff412a800, 0x00007f4ff412c800, 0x00007f4ff4132800,
0x00007f4ff4134800, 0x00007f4ff4136800, 0x00007f4ff4138800, 0x00007f4ff414e800,
0x00007f4ff4190800, 0x00007f4ff4194000, 0x00007f4ff43f3000, 0x00007f4ff452b000,
0x00007f4ff4b3a000, 0x00007f4f78009800, 0x00007f4f7800d000, 0x00007f4f7800e000,
0x00007f4ff4bb1800, 0x00007f4ff4c13800, 0x00007f4ff4c1f000, 0x00007f4ff4441000,
0x00007f4f8c026000, 0x00007f4f8c027800, 0x00007f4f8c029800, 0x00007f4ff4928800,
0x00007f4f64003000, 0x00007f4f64005000, 0x00007f4f64006800
}

Java Threads: ( => current thread )
  0x00007f4ff4019800 JavaThread "main" [_thread_blocked, id=32887, stack(0x00007f4ffc92a000,0x00007f4ffca2b000)]
  0x00007f4ff412a800 JavaThread "Reference Handler" daemon [_thread_blocked, id=32895, stack(0x00007f4fcf1f7000,0x00007f4fcf2f8000)]
  0x00007f4ff412c800 JavaThread "Finalizer" daemon [_thread_blocked, id=32896, stack(0x00007f4fcf0f6000,0x00007f4fcf1f7000)]
=>0x00007f4ff4132800 JavaThread "Signal Dispatcher" daemon [_thread_in_vm, id=32897, stack(0x00007f4fce626000,0x00007f4fce727000)]
  0x00007f4ff4134800 JavaThread "C2 CompilerThread0" daemon [_thread_blocked, id=32898, stack(0x00007f4fce525000,0x00007f4fce626000)]
  0x00007f4ff4136800 JavaThread "C1 CompilerThread0" daemon [_thread_blocked, id=32899, stack(0x00007f4fce424000,0x00007f4fce525000)]
  0x00007f4ff4138800 JavaThread "Sweeper thread" daemon [_thread_blocked, id=32900, stack(0x00007f4fce323000,0x00007f4fce424000)]
  0x00007f4ff414e800 JavaThread "Common-Cleaner" daemon [_thread_blocked, id=32901, stack(0x00007f4fce222000,0x00007f4fce323000)]
  0x00007f4ff4190800 JavaThread "JDWP Transport Listener: dt_socket" daemon [_thread_in_native, id=32903, stack(0x00007f4fcdf1b000,0x00007f4fce01c000)]
  0x00007f4ff4194000 JavaThread "JDWP Event Helper Thread" daemon [_thread_blocked, id=32904, stack(0x00007f4fcde1a000,0x00007f4fcdf1b000)]
  0x00007f4ff43f3000 JavaThread "Service Thread" daemon [_thread_blocked, id=32911, stack(0x00007f4fcd6ef000,0x00007f4fcd7f0000)]
  0x00007f4ff452b000 JavaThread "ReaderThread" [_thread_in_native, id=32913, stack(0x00007f4fcd2e9000,0x00007f4fcd3ea000)]
  0x00007f4ff4b3a000 JavaThread "Exec Default Executor" daemon [_thread_blocked, id=32919, stack(0x00007f4fccce2000,0x00007f4fccde3000)]
  0x00007f4f78009800 JavaThread "process reaper" daemon [_thread_in_native, id=32928, stack(0x00007f4ffc880000,0x00007f4ffc8a2000)]
  0x00007f4f7800d000 JavaThread "Exec Stream Pumper" daemon [_thread_in_native, id=32929, stack(0x00007f4fccbe1000,0x00007f4fccce2000)]
  0x00007f4f7800e000 JavaThread "Exec Stream Pumper" daemon [_thread_in_native, id=32930, stack(0x00007f4fccae0000,0x00007f4fccbe1000)]
  0x00007f4ff4bb1800 JavaThread "ForkJoinPool.commonPool-worker-5" daemon [_thread_blocked, id=32932, stack(0x00007f4fcc228000,0x00007f4fcc329000)]
  0x00007f4ff4c13800 JavaThread "OkHttp ConnectionPool" daemon [_thread_blocked, id=32933, stack(0x00007f4fcc127000,0x00007f4fcc228000)]
  0x00007f4ff4c1f000 JavaThread "Okio Watchdog" daemon [_thread_blocked, id=32935, stack(0x00007f4fcc026000,0x00007f4fcc127000)]
  0x00007f4ff4441000 JavaThread "Exec Default Executor" daemon [_thread_blocked, id=33260, stack(0x00007f4fcd7f0000,0x00007f4fcd8f1000)]
  0x00007f4f8c026000 JavaThread "process reaper" daemon [_thread_in_native, id=33262, stack(0x00007f4ffc85e000,0x00007f4ffc880000)]
  0x00007f4f8c027800 JavaThread "Exec Stream Pumper" daemon [_thread_in_native, id=33265, stack(0x00007f4f5bcff000,0x00007f4f5be00000)]
  0x00007f4f8c029800 JavaThread "Exec Stream Pumper" daemon [_thread_in_native, id=33267, stack(0x00007f4f5bbfe000,0x00007f4f5bcff000)]
  0x00007f4ff4928800 JavaThread "Exec Default Executor" daemon [_thread_blocked, id=33597, stack(0x00007f4f5bafd000,0x00007f4f5bbfe000)]
  0x00007f4f64003000 JavaThread "process reaper" daemon [_thread_in_native, id=33599, stack(0x00007f4ff8017000,0x00007f4ff8039000)]
  0x00007f4f64005000 JavaThread "Exec Stream Pumper" daemon [_thread_in_native, id=33600, stack(0x00007f4f5b9fc000,0x00007f4f5bafd000)]
  0x00007f4f64006800 JavaThread "Exec Stream Pumper" daemon [_thread_in_native, id=33601, stack(0x00007f4f5b8fb000,0x00007f4f5b9fc000)]

Other Threads:
  0x00007f4ff4128000 VMThread "VM Thread" [stack: 0x00007f4fcf2fa000,0x00007f4fcf3fa000] [id=32894]
  0x00007f4ff4400000 WatcherThread [stack: 0x00007f4fcd5ef000,0x00007f4fcd6ef000] [id=32912]
  0x00007f4ff4032000 GCTaskThread "GC Thread#0" [stack: 0x00007f4ff84c0000,0x00007f4ff85c0000] [id=32888]
  0x00007f4fc0001000 GCTaskThread "GC Thread#1" [stack: 0x00007f4fcd1e9000,0x00007f4fcd2e9000] [id=32914]
  0x00007f4fc0002800 GCTaskThread "GC Thread#2" [stack: 0x00007f4fcd0e7000,0x00007f4fcd1e7000] [id=32915]
  0x00007f4fc0004000 GCTaskThread "GC Thread#3" [stack: 0x00007f4fccfe5000,0x00007f4fcd0e5000] [id=32916]
  0x00007f4ff404d000 ConcurrentGCThread "G1 Main Marker" [stack: 0x00007f4fdc252000,0x00007f4fdc352000] [id=32889]
